-- Found ament_cmake: 1.3.11 (/opt/ros/humble/share/ament_cmake/cmake)
-- Found rclcpp: 16.0.12 (/opt/ros/humble/share/rclcpp/cmake)
-- Found rosidl_generator_c: 3.1.6 (/opt/ros/humble/share/rosidl_generator_c/cmake)
-- Found rosidl_adapter: 3.1.6 (/opt/ros/humble/share/rosidl_adapter/cmake)
-- Found rosidl_generator_cpp: 3.1.6 (/opt/ros/humble/share/rosidl_generator_cpp/cmake)
-- Using all available rosidl_typesupport_c: rosidl_typesupport_fastrtps_c;rosidl_typesupport_introspection_c
-- Using all available rosidl_typesupport_cpp: rosidl_typesupport_fastrtps_cpp;rosidl_typesupport_introspection_cpp
-- Found rmw_implementation_cmake: 6.1.2 (/opt/ros/humble/share/rmw_implementation_cmake/cmake)
-- Found rmw_fastrtps_cpp: 6.2.7 (/opt/ros/humble/share/rmw_fastrtps_cpp/cmake)
-- Found OpenSSL: /usr/lib/aarch64-linux-gnu/libcrypto.so (found version "3.0.2")  
-- Found FastRTPS: /opt/ros/humble/include  
-- Using RMW implementation 'rmw_fastrtps_cpp' as default
-- Looking for pthread.h
-- Looking for pthread.h - found
-- Performing Test CMAKE_HAVE_LIBC_PTHREAD
-- Performing Test CMAKE_HAVE_LIBC_PTHREAD - Success
-- Found Threads: TRUE  
-- Found geometry_msgs: 4.8.0 (/opt/ros/humble/share/geometry_msgs/cmake)
-- Configuring done
-- Generating done
-- Build files have been written to: /home/nelson/ros2_ws/src/test_motor_pkg/build/test_motor_pkg
[ 50%] [32mBuilding CXX object CMakeFiles/motor_node.dir/src/motor_node.cpp.o[0m
[01m[K/home/nelson/ros2_ws/src/test_motor_pkg/src/motor_node.cpp:43:23:[m[K [01;31m[Kerror: [m[Kexpected â€˜[01m[K}[m[Kâ€™ at end of input
   43 |             driveBackw
      |                       [01;31m[K^[m[K
[01m[K/home/nelson/ros2_ws/src/test_motor_pkg/src/motor_node.cpp:10:1:[m[K [01;36m[Knote: [m[Kto match this â€˜[01m[K{[m[Kâ€™
   10 | [01;36m[K{[m[K
      | [01;36m[K^[m[K
[01m[K/home/nelson/ros2_ws/src/test_motor_pkg/src/motor_node.cpp:[m[K In constructor â€˜[01m[KMotorDriverNode::MotorDriverNode()[m[Kâ€™:
[01m[K/home/nelson/ros2_ws/src/test_motor_pkg/src/motor_node.cpp:15:9:[m[K [01;31m[Kerror: [m[Kâ€˜[01m[Kchip[m[Kâ€™ was not declared in this scope; did you mean â€˜[01m[Kgpiod::chip[m[Kâ€™?
   15 |         [01;31m[Kchip[m[K = gpiod::chip("gpiochip0");
      |         [01;31m[K^~~~[m[K
      |         [32m[Kgpiod::chip[m[K
In file included from [01m[K/home/nelson/ros2_ws/src/test_motor_pkg/src/motor_node.cpp:3[m[K:
[01m[K/usr/include/gpiod.hpp:42:7:[m[K [01;36m[Knote: [m[Kâ€˜[01m[Kgpiod::chip[m[Kâ€™ declared here
   42 | class [01;36m[Kchip[m[K
      |       [01;36m[K^~~~[m[K
[01m[K/home/nelson/ros2_ws/src/test_motor_pkg/src/motor_node.cpp:18:9:[m[K [01;31m[Kerror: [m[Kâ€˜[01m[Kleft_in1[m[Kâ€™ was not declared in this scope
   18 |         [01;31m[Kleft_in1[m[K = chip.get_line(17);
      |         [01;31m[K^~~~~~~~[m[K
[01m[K/home/nelson/ros2_ws/src/test_motor_pkg/src/motor_node.cpp:19:9:[m[K [01;31m[Kerror: [m[Kâ€˜[01m[Kleft_in2[m[Kâ€™ was not declared in this scope
   19 |         [01;31m[Kleft_in2[m[K = chip.get_line(27);
      |         [01;31m[K^~~~~~~~[m[K
[01m[K/home/nelson/ros2_ws/src/test_motor_pkg/src/motor_node.cpp:20:9:[m[K [01;31m[Kerror: [m[Kâ€˜[01m[Kright_in1[m[Kâ€™ was not declared in this scope
   20 |         [01;31m[Kright_in1[m[K = chip.get_line(22);
      |         [01;31m[K^~~~~~~~~[m[K
[01m[K/home/nelson/ros2_ws/src/test_motor_pkg/src/motor_node.cpp:21:9:[m[K [01;31m[Kerror: [m[Kâ€˜[01m[Kright_in2[m[Kâ€™ was not declared in this scope
   21 |         [01;31m[Kright_in2[m[K = chip.get_line(23);
      |         [01;31m[K^~~~~~~~~[m[K
[01m[K/home/nelson/ros2_ws/src/test_motor_pkg/src/motor_node.cpp:29:9:[m[K [01;31m[Kerror: [m[Kâ€˜[01m[Ksubscription_[m[Kâ€™ was not declared in this scope; did you mean â€˜[01m[Krmw_subscription_t[m[Kâ€™?
   29 |         [01;31m[Ksubscription_[m[K = this->create_subscription<geometry_msgs::msg::Twist>(
      |         [01;31m[K^~~~~~~~~~~~~[m[K
      |         [32m[Krmw_subscription_t[m[K
[01m[K/home/nelson/ros2_ws/src/test_motor_pkg/src/motor_node.cpp:[m[K In member function â€˜[01m[Kvoid MotorDriverNode::cmdVelCallback(geometry_msgs::msg::Twist_<std::allocator<void> >::SharedPtr)[m[Kâ€™:
[01m[K/home/nelson/ros2_ws/src/test_motor_pkg/src/motor_node.cpp:41:13:[m[K [01;31m[Kerror: [m[Kâ€˜[01m[KdriveForward[m[Kâ€™ was not declared in this scope
   41 |             [01;31m[KdriveForward[m[K();
      |             [01;31m[K^~~~~~~~~~~~[m[K
[01m[K/home/nelson/ros2_ws/src/test_motor_pkg/src/motor_node.cpp:43:13:[m[K [01;31m[Kerror: [m[Kâ€˜[01m[KdriveBackw[m[Kâ€™ was not declared in this scope
   43 |             [01;31m[KdriveBackw[m[K
      |             [01;31m[K^~~~~~~~~~[m[K
[01m[K/home/nelson/ros2_ws/src/test_motor_pkg/src/motor_node.cpp:43:23:[m[K [01;31m[Kerror: [m[Kexpected â€˜[01m[K}[m[Kâ€™ at end of input
   43 |             driveBackw
      |                       [01;31m[K^[m[K
[01m[K/home/nelson/ros2_ws/src/test_motor_pkg/src/motor_node.cpp:42:34:[m[K [01;36m[Knote: [m[Kto match this â€˜[01m[K{[m[Kâ€™
   42 |         } else if (linear < 0.0) [01;36m[K{[m[K
      |                                  [01;36m[K^[m[K
[01m[K/home/nelson/ros2_ws/src/test_motor_pkg/src/motor_node.cpp:43:23:[m[K [01;31m[Kerror: [m[Kexpected â€˜[01m[K}[m[Kâ€™ at end of input
   43 |             driveBackw
      |                       [01;31m[K^[m[K
[01m[K/home/nelson/ros2_ws/src/test_motor_pkg/src/motor_node.cpp:36:5:[m[K [01;36m[Knote: [m[Kto match this â€˜[01m[K{[m[Kâ€™
   36 |     [01;36m[K{[m[K
      |     [01;36m[K^[m[K
[01m[K/home/nelson/ros2_ws/src/test_motor_pkg/src/motor_node.cpp:[m[K At global scope:
[01m[K/home/nelson/ros2_ws/src/test_motor_pkg/src/motor_node.cpp:43:23:[m[K [01;31m[Kerror: [m[Kexpected unqualified-id at end of input
   43 |             driveBackw
      |                       [01;31m[K^[m[K
gmake[2]: *** [CMakeFiles/motor_node.dir/build.make:76: CMakeFiles/motor_node.dir/src/motor_node.cpp.o] Error 1
gmake[1]: *** [CMakeFiles/Makefile2:137: CMakeFiles/motor_node.dir/all] Error 2
gmake: *** [Makefile:146: all] Error 2
