[0.053s] Invoking command in '/home/nelson/ros2_ws/src/test_motor_pkg/build/test_motor_pkg': CMAKE_PREFIX_PATH=${CMAKE_PREFIX_PATH}:/home/nelson/ros2_ws/install/teleop_twist_keyboard:/opt/ros/humble /usr/bin/cmake --build /home/nelson/ros2_ws/src/test_motor_pkg/build/test_motor_pkg -- -j4 -l4
[0.139s] -- Found ament_cmake: 1.3.11 (/opt/ros/humble/share/ament_cmake/cmake)
[0.699s] -- Found rclcpp: 16.0.12 (/opt/ros/humble/share/rclcpp/cmake)
[1.097s] -- Found rosidl_generator_c: 3.1.6 (/opt/ros/humble/share/rosidl_generator_c/cmake)
[1.154s] -- Found rosidl_adapter: 3.1.6 (/opt/ros/humble/share/rosidl_adapter/cmake)
[1.224s] -- Found rosidl_generator_cpp: 3.1.6 (/opt/ros/humble/share/rosidl_generator_cpp/cmake)
[1.310s] -- Using all available rosidl_typesupport_c: rosidl_typesupport_fastrtps_c;rosidl_typesupport_introspection_c
[1.430s] -- Using all available rosidl_typesupport_cpp: rosidl_typesupport_fastrtps_cpp;rosidl_typesupport_introspection_cpp
[1.769s] -- Found rmw_implementation_cmake: 6.1.2 (/opt/ros/humble/share/rmw_implementation_cmake/cmake)
[1.798s] -- Found rmw_fastrtps_cpp: 6.2.7 (/opt/ros/humble/share/rmw_fastrtps_cpp/cmake)
[2.362s] -- Found OpenSSL: /usr/lib/aarch64-linux-gnu/libcrypto.so (found version "3.0.2")  
[2.601s] -- Found FastRTPS: /opt/ros/humble/include  
[2.988s] -- Using RMW implementation 'rmw_fastrtps_cpp' as default
[3.079s] -- Looking for pthread.h
[3.391s] -- Looking for pthread.h - found
[3.392s] -- Performing Test CMAKE_HAVE_LIBC_PTHREAD
[3.705s] -- Performing Test CMAKE_HAVE_LIBC_PTHREAD - Success
[3.710s] -- Found Threads: TRUE  
[3.999s] -- Found geometry_msgs: 4.8.0 (/opt/ros/humble/share/geometry_msgs/cmake)
[4.315s] -- Configuring done
[4.367s] -- Generating done
[4.384s] -- Build files have been written to: /home/nelson/ros2_ws/src/test_motor_pkg/build/test_motor_pkg
[4.521s] [ 50%] [32mBuilding CXX object CMakeFiles/motor_node.dir/src/motor_node.cpp.o[0m
[13.617s] [01m[K/home/nelson/ros2_ws/src/test_motor_pkg/src/motor_node.cpp:43:23:[m[K [01;31m[Kerror: [m[Kexpected â€˜[01m[K}[m[Kâ€™ at end of input
[13.617s]    43 |             driveBackw
[13.618s]       |                       [01;31m[K^[m[K
[13.618s] [01m[K/home/nelson/ros2_ws/src/test_motor_pkg/src/motor_node.cpp:10:1:[m[K [01;36m[Knote: [m[Kto match this â€˜[01m[K{[m[Kâ€™
[13.619s]    10 | [01;36m[K{[m[K
[13.619s]       | [01;36m[K^[m[K
[13.620s] [01m[K/home/nelson/ros2_ws/src/test_motor_pkg/src/motor_node.cpp:[m[K In constructor â€˜[01m[KMotorDriverNode::MotorDriverNode()[m[Kâ€™:
[13.620s] [01m[K/home/nelson/ros2_ws/src/test_motor_pkg/src/motor_node.cpp:15:9:[m[K [01;31m[Kerror: [m[Kâ€˜[01m[Kchip[m[Kâ€™ was not declared in this scope; did you mean â€˜[01m[Kgpiod::chip[m[Kâ€™?
[13.621s]    15 |         [01;31m[Kchip[m[K = gpiod::chip("gpiochip0");
[13.621s]       |         [01;31m[K^~~~[m[K
[13.622s]       |         [32m[Kgpiod::chip[m[K
[13.622s] In file included from [01m[K/home/nelson/ros2_ws/src/test_motor_pkg/src/motor_node.cpp:3[m[K:
[13.623s] [01m[K/usr/include/gpiod.hpp:42:7:[m[K [01;36m[Knote: [m[Kâ€˜[01m[Kgpiod::chip[m[Kâ€™ declared here
[13.623s]    42 | class [01;36m[Kchip[m[K
[13.623s]       |       [01;36m[K^~~~[m[K
[13.643s] [01m[K/home/nelson/ros2_ws/src/test_motor_pkg/src/motor_node.cpp:18:9:[m[K [01;31m[Kerror: [m[Kâ€˜[01m[Kleft_in1[m[Kâ€™ was not declared in this scope
[13.644s]    18 |         [01;31m[Kleft_in1[m[K = chip.get_line(17);
[13.644s]       |         [01;31m[K^~~~~~~~[m[K
[13.664s] [01m[K/home/nelson/ros2_ws/src/test_motor_pkg/src/motor_node.cpp:19:9:[m[K [01;31m[Kerror: [m[Kâ€˜[01m[Kleft_in2[m[Kâ€™ was not declared in this scope
[13.665s]    19 |         [01;31m[Kleft_in2[m[K = chip.get_line(27);
[13.665s]       |         [01;31m[K^~~~~~~~[m[K
[13.687s] [01m[K/home/nelson/ros2_ws/src/test_motor_pkg/src/motor_node.cpp:20:9:[m[K [01;31m[Kerror: [m[Kâ€˜[01m[Kright_in1[m[Kâ€™ was not declared in this scope
[13.687s]    20 |         [01;31m[Kright_in1[m[K = chip.get_line(22);
[13.688s]       |         [01;31m[K^~~~~~~~~[m[K
[13.709s] [01m[K/home/nelson/ros2_ws/src/test_motor_pkg/src/motor_node.cpp:21:9:[m[K [01;31m[Kerror: [m[Kâ€˜[01m[Kright_in2[m[Kâ€™ was not declared in this scope
[13.710s]    21 |         [01;31m[Kright_in2[m[K = chip.get_line(23);
[13.710s]       |         [01;31m[K^~~~~~~~~[m[K
[13.734s] [01m[K/home/nelson/ros2_ws/src/test_motor_pkg/src/motor_node.cpp:29:9:[m[K [01;31m[Kerror: [m[Kâ€˜[01m[Ksubscription_[m[Kâ€™ was not declared in this scope; did you mean â€˜[01m[Krmw_subscription_t[m[Kâ€™?
[13.735s]    29 |         [01;31m[Ksubscription_[m[K = this->create_subscription<geometry_msgs::msg::Twist>(
[13.735s]       |         [01;31m[K^~~~~~~~~~~~~[m[K
[13.736s]       |         [32m[Krmw_subscription_t[m[K
[13.944s] [01m[K/home/nelson/ros2_ws/src/test_motor_pkg/src/motor_node.cpp:[m[K In member function â€˜[01m[Kvoid MotorDriverNode::cmdVelCallback(geometry_msgs::msg::Twist_<std::allocator<void> >::SharedPtr)[m[Kâ€™:
[13.945s] [01m[K/home/nelson/ros2_ws/src/test_motor_pkg/src/motor_node.cpp:41:13:[m[K [01;31m[Kerror: [m[Kâ€˜[01m[KdriveForward[m[Kâ€™ was not declared in this scope
[13.945s]    41 |             [01;31m[KdriveForward[m[K();
[13.946s]       |             [01;31m[K^~~~~~~~~~~~[m[K
[13.968s] [01m[K/home/nelson/ros2_ws/src/test_motor_pkg/src/motor_node.cpp:43:13:[m[K [01;31m[Kerror: [m[Kâ€˜[01m[KdriveBackw[m[Kâ€™ was not declared in this scope
[13.969s]    43 |             [01;31m[KdriveBackw[m[K
[13.970s]       |             [01;31m[K^~~~~~~~~~[m[K
[13.970s] [01m[K/home/nelson/ros2_ws/src/test_motor_pkg/src/motor_node.cpp:43:23:[m[K [01;31m[Kerror: [m[Kexpected â€˜[01m[K}[m[Kâ€™ at end of input
[13.971s]    43 |             driveBackw
[13.971s]       |                       [01;31m[K^[m[K
[13.971s] [01m[K/home/nelson/ros2_ws/src/test_motor_pkg/src/motor_node.cpp:42:34:[m[K [01;36m[Knote: [m[Kto match this â€˜[01m[K{[m[Kâ€™
[13.972s]    42 |         } else if (linear < 0.0) [01;36m[K{[m[K
[13.972s]       |                                  [01;36m[K^[m[K
[13.972s] [01m[K/home/nelson/ros2_ws/src/test_motor_pkg/src/motor_node.cpp:43:23:[m[K [01;31m[Kerror: [m[Kexpected â€˜[01m[K}[m[Kâ€™ at end of input
[13.973s]    43 |             driveBackw
[13.973s]       |                       [01;31m[K^[m[K
[13.973s] [01m[K/home/nelson/ros2_ws/src/test_motor_pkg/src/motor_node.cpp:36:5:[m[K [01;36m[Knote: [m[Kto match this â€˜[01m[K{[m[Kâ€™
[13.974s]    36 |     [01;36m[K{[m[K
[13.974s]       |     [01;36m[K^[m[K
[13.974s] [01m[K/home/nelson/ros2_ws/src/test_motor_pkg/src/motor_node.cpp:[m[K At global scope:
[13.975s] [01m[K/home/nelson/ros2_ws/src/test_motor_pkg/src/motor_node.cpp:43:23:[m[K [01;31m[Kerror: [m[Kexpected unqualified-id at end of input
[13.975s]    43 |             driveBackw
[13.975s]       |                       [01;31m[K^[m[K
[21.203s] gmake[2]: *** [CMakeFiles/motor_node.dir/build.make:76: CMakeFiles/motor_node.dir/src/motor_node.cpp.o] Error 1
[21.203s] gmake[1]: *** [CMakeFiles/Makefile2:137: CMakeFiles/motor_node.dir/all] Error 2
[21.204s] gmake: *** [Makefile:146: all] Error 2
[21.210s] Invoked command in '/home/nelson/ros2_ws/src/test_motor_pkg/build/test_motor_pkg' returned '2': CMAKE_PREFIX_PATH=${CMAKE_PREFIX_PATH}:/home/nelson/ros2_ws/install/teleop_twist_keyboard:/opt/ros/humble /usr/bin/cmake --build /home/nelson/ros2_ws/src/test_motor_pkg/build/test_motor_pkg -- -j4 -l4
